{"/Users/dhruv/Desktop/Devlopment/FullStack/assignments/week-4/middlewares/01-ratelimitter.js": {"path":"/Users/dhruv/Desktop/Devlopment/FullStack/assignments/week-4/middlewares/01-ratelimitter.js","all":false,"statementMap":{"0":{"start":{"line":1,"column":0},"end":{"line":1,"column":113}},"1":{"start":{"line":2,"column":0},"end":{"line":2,"column":0}},"2":{"start":{"line":3,"column":0},"end":{"line":3,"column":35}},"3":{"start":{"line":4,"column":0},"end":{"line":4,"column":22}},"4":{"start":{"line":5,"column":0},"end":{"line":5,"column":0}},"5":{"start":{"line":6,"column":0},"end":{"line":6,"column":0}},"6":{"start":{"line":7,"column":0},"end":{"line":7,"column":35}},"7":{"start":{"line":8,"column":0},"end":{"line":8,"column":40}},"8":{"start":{"line":9,"column":0},"end":{"line":9,"column":38}},"9":{"start":{"line":10,"column":0},"end":{"line":10,"column":113}},"10":{"start":{"line":11,"column":0},"end":{"line":11,"column":44}},"11":{"start":{"line":12,"column":0},"end":{"line":12,"column":75}},"12":{"start":{"line":13,"column":0},"end":{"line":13,"column":5}},"13":{"start":{"line":14,"column":0},"end":{"line":14,"column":9}},"14":{"start":{"line":15,"column":0},"end":{"line":15,"column":13}},"15":{"start":{"line":16,"column":0},"end":{"line":16,"column":5}},"16":{"start":{"line":17,"column":0},"end":{"line":17,"column":3}},"17":{"start":{"line":18,"column":0},"end":{"line":18,"column":7}},"18":{"start":{"line":19,"column":0},"end":{"line":19,"column":76}},"19":{"start":{"line":20,"column":0},"end":{"line":20,"column":11}},"20":{"start":{"line":21,"column":0},"end":{"line":21,"column":3}},"21":{"start":{"line":22,"column":0},"end":{"line":22,"column":1}},"22":{"start":{"line":23,"column":0},"end":{"line":23,"column":0}},"23":{"start":{"line":24,"column":0},"end":{"line":24,"column":21}},"24":{"start":{"line":25,"column":0},"end":{"line":25,"column":0}},"25":{"start":{"line":26,"column":0},"end":{"line":26,"column":66}},"26":{"start":{"line":27,"column":0},"end":{"line":27,"column":67}},"27":{"start":{"line":28,"column":0},"end":{"line":28,"column":70}},"28":{"start":{"line":29,"column":0},"end":{"line":29,"column":32}},"29":{"start":{"line":30,"column":0},"end":{"line":30,"column":67}},"30":{"start":{"line":31,"column":0},"end":{"line":31,"column":79}},"31":{"start":{"line":32,"column":0},"end":{"line":32,"column":26}},"32":{"start":{"line":33,"column":0},"end":{"line":33,"column":0}},"33":{"start":{"line":34,"column":0},"end":{"line":34,"column":33}},"34":{"start":{"line":35,"column":0},"end":{"line":35,"column":19}},"35":{"start":{"line":36,"column":0},"end":{"line":36,"column":33}},"36":{"start":{"line":37,"column":0},"end":{"line":37,"column":8}},"37":{"start":{"line":38,"column":0},"end":{"line":38,"column":0}},"38":{"start":{"line":39,"column":0},"end":{"line":39,"column":37}},"39":{"start":{"line":40,"column":0},"end":{"line":40,"column":41}},"40":{"start":{"line":41,"column":0},"end":{"line":41,"column":3}},"41":{"start":{"line":42,"column":0},"end":{"line":42,"column":0}},"42":{"start":{"line":43,"column":0},"end":{"line":43,"column":38}},"43":{"start":{"line":44,"column":0},"end":{"line":44,"column":54}},"44":{"start":{"line":45,"column":0},"end":{"line":45,"column":3}},"45":{"start":{"line":46,"column":0},"end":{"line":46,"column":0}},"46":{"start":{"line":47,"column":0},"end":{"line":47,"column":21}}},"s":{"0":1,"1":1,"2":1,"3":1,"4":1,"5":1,"6":13,"7":13,"8":13,"9":11,"10":11,"11":7,"12":7,"13":4,"14":4,"15":4,"16":11,"17":2,"18":2,"19":2,"20":2,"21":13,"22":1,"23":1,"24":1,"25":1,"26":1,"27":1,"28":1,"29":1,"30":1,"31":1,"32":1,"33":1,"34":1,"35":2,"36":1,"37":1,"38":1,"39":6,"40":1,"41":1,"42":1,"43":0,"44":1,"45":1,"46":1},"branchMap":{"0":{"type":"branch","line":7,"loc":{"start":{"line":7,"column":0},"end":{"line":22,"column":1}},"locations":[{"start":{"line":7,"column":0},"end":{"line":22,"column":1}}]},"1":{"type":"branch","line":9,"loc":{"start":{"line":9,"column":37},"end":{"line":17,"column":3}},"locations":[{"start":{"line":9,"column":37},"end":{"line":17,"column":3}}]},"2":{"type":"branch","line":11,"loc":{"start":{"line":11,"column":43},"end":{"line":13,"column":5}},"locations":[{"start":{"line":11,"column":43},"end":{"line":13,"column":5}}]},"3":{"type":"branch","line":14,"loc":{"start":{"line":14,"column":-1},"end":{"line":16,"column":5}},"locations":[{"start":{"line":14,"column":-1},"end":{"line":16,"column":5}}]},"4":{"type":"branch","line":18,"loc":{"start":{"line":18,"column":-1},"end":{"line":21,"column":3}},"locations":[{"start":{"line":18,"column":-1},"end":{"line":21,"column":3}}]},"5":{"type":"branch","line":35,"loc":{"start":{"line":35,"column":12},"end":{"line":37,"column":3}},"locations":[{"start":{"line":35,"column":12},"end":{"line":37,"column":3}}]},"6":{"type":"branch","line":39,"loc":{"start":{"line":39,"column":17},"end":{"line":41,"column":2}},"locations":[{"start":{"line":39,"column":17},"end":{"line":41,"column":2}}]}},"b":{"0":[13],"1":[11],"2":[7],"3":[4],"4":[2],"5":[2],"6":[6]},"fnMap":{"0":{"name":"rateLimiter","decl":{"start":{"line":7,"column":0},"end":{"line":22,"column":1}},"loc":{"start":{"line":7,"column":0},"end":{"line":22,"column":1}},"line":7}},"f":{"0":13}}
,"/Users/dhruv/Desktop/Devlopment/FullStack/assignments/week-4/middlewares/01-requestcount.js": {"path":"/Users/dhruv/Desktop/Devlopment/FullStack/assignments/week-4/middlewares/01-requestcount.js","all":false,"statementMap":{"0":{"start":{"line":1,"column":0},"end":{"line":1,"column":81}},"1":{"start":{"line":2,"column":0},"end":{"line":2,"column":0}},"2":{"start":{"line":3,"column":0},"end":{"line":3,"column":35}},"3":{"start":{"line":4,"column":0},"end":{"line":4,"column":0}},"4":{"start":{"line":5,"column":0},"end":{"line":5,"column":22}},"5":{"start":{"line":6,"column":0},"end":{"line":6,"column":21}},"6":{"start":{"line":7,"column":0},"end":{"line":7,"column":0}},"7":{"start":{"line":8,"column":0},"end":{"line":8,"column":38}},"8":{"start":{"line":9,"column":0},"end":{"line":9,"column":34}},"9":{"start":{"line":10,"column":0},"end":{"line":10,"column":9}},"10":{"start":{"line":11,"column":0},"end":{"line":11,"column":1}},"11":{"start":{"line":12,"column":0},"end":{"line":12,"column":0}},"12":{"start":{"line":13,"column":0},"end":{"line":13,"column":24}},"13":{"start":{"line":14,"column":0},"end":{"line":14,"column":0}},"14":{"start":{"line":15,"column":0},"end":{"line":15,"column":67}},"15":{"start":{"line":16,"column":0},"end":{"line":16,"column":66}},"16":{"start":{"line":17,"column":0},"end":{"line":17,"column":78}},"17":{"start":{"line":18,"column":0},"end":{"line":18,"column":24}},"18":{"start":{"line":19,"column":0},"end":{"line":19,"column":0}},"19":{"start":{"line":20,"column":0},"end":{"line":20,"column":37}},"20":{"start":{"line":21,"column":0},"end":{"line":21,"column":41}},"21":{"start":{"line":22,"column":0},"end":{"line":22,"column":3}},"22":{"start":{"line":23,"column":0},"end":{"line":23,"column":0}},"23":{"start":{"line":24,"column":0},"end":{"line":24,"column":38}},"24":{"start":{"line":25,"column":0},"end":{"line":25,"column":54}},"25":{"start":{"line":26,"column":0},"end":{"line":26,"column":3}},"26":{"start":{"line":27,"column":0},"end":{"line":27,"column":0}},"27":{"start":{"line":28,"column":0},"end":{"line":28,"column":45}},"28":{"start":{"line":29,"column":0},"end":{"line":29,"column":41}},"29":{"start":{"line":30,"column":0},"end":{"line":30,"column":3}},"30":{"start":{"line":31,"column":0},"end":{"line":31,"column":0}},"31":{"start":{"line":32,"column":0},"end":{"line":32,"column":21}}},"s":{"0":1,"1":1,"2":1,"3":1,"4":1,"5":1,"6":1,"7":12,"8":12,"9":12,"10":12,"11":1,"12":1,"13":1,"14":1,"15":1,"16":1,"17":1,"18":1,"19":1,"20":10,"21":1,"22":1,"23":1,"24":0,"25":1,"26":1,"27":1,"28":2,"29":1,"30":1,"31":1},"branchMap":{"0":{"type":"branch","line":8,"loc":{"start":{"line":8,"column":0},"end":{"line":11,"column":1}},"locations":[{"start":{"line":8,"column":0},"end":{"line":11,"column":1}}]},"1":{"type":"branch","line":20,"loc":{"start":{"line":20,"column":17},"end":{"line":22,"column":2}},"locations":[{"start":{"line":20,"column":17},"end":{"line":22,"column":2}}]},"2":{"type":"branch","line":28,"loc":{"start":{"line":28,"column":25},"end":{"line":30,"column":2}},"locations":[{"start":{"line":28,"column":25},"end":{"line":30,"column":2}}]}},"b":{"0":[12],"1":[10],"2":[2]},"fnMap":{"0":{"name":"requestCounter","decl":{"start":{"line":8,"column":0},"end":{"line":11,"column":1}},"loc":{"start":{"line":8,"column":0},"end":{"line":11,"column":1}},"line":8}},"f":{"0":12}}
,"/Users/dhruv/Desktop/Devlopment/FullStack/assignments/week-4/middlewares/02-authmiddleware.js": {"path":"/Users/dhruv/Desktop/Devlopment/FullStack/assignments/week-4/middlewares/02-authmiddleware.js","all":false,"statementMap":{"0":{"start":{"line":1,"column":0},"end":{"line":1,"column":0}},"1":{"start":{"line":2,"column":0},"end":{"line":2,"column":98}},"2":{"start":{"line":3,"column":0},"end":{"line":3,"column":0}},"3":{"start":{"line":4,"column":0},"end":{"line":4,"column":35}},"4":{"start":{"line":5,"column":0},"end":{"line":5,"column":22}},"5":{"start":{"line":6,"column":0},"end":{"line":6,"column":134}},"6":{"start":{"line":7,"column":0},"end":{"line":7,"column":0}},"7":{"start":{"line":8,"column":0},"end":{"line":8,"column":0}},"8":{"start":{"line":9,"column":0},"end":{"line":9,"column":42}},"9":{"start":{"line":10,"column":0},"end":{"line":10,"column":45}},"10":{"start":{"line":11,"column":0},"end":{"line":11,"column":48}},"11":{"start":{"line":12,"column":0},"end":{"line":12,"column":35}},"12":{"start":{"line":13,"column":0},"end":{"line":13,"column":15}},"13":{"start":{"line":14,"column":0},"end":{"line":14,"column":5}},"14":{"start":{"line":15,"column":0},"end":{"line":15,"column":9}},"15":{"start":{"line":16,"column":0},"end":{"line":16,"column":112}},"16":{"start":{"line":17,"column":0},"end":{"line":17,"column":5}},"17":{"start":{"line":18,"column":0},"end":{"line":18,"column":1}},"18":{"start":{"line":19,"column":0},"end":{"line":19,"column":0}},"19":{"start":{"line":20,"column":0},"end":{"line":20,"column":28}},"20":{"start":{"line":21,"column":0},"end":{"line":21,"column":0}},"21":{"start":{"line":22,"column":0},"end":{"line":22,"column":28}},"22":{"start":{"line":23,"column":0},"end":{"line":23,"column":56}},"23":{"start":{"line":24,"column":0},"end":{"line":24,"column":3}},"24":{"start":{"line":25,"column":0},"end":{"line":25,"column":0}},"25":{"start":{"line":26,"column":0},"end":{"line":26,"column":21}}},"s":{"0":1,"1":1,"2":1,"3":1,"4":1,"5":1,"6":1,"7":1,"8":1,"9":3,"10":3,"11":3,"12":1,"13":1,"14":2,"15":2,"16":2,"17":3,"18":1,"19":1,"20":1,"21":1,"22":1,"23":1,"24":1,"25":1},"branchMap":{"0":{"type":"branch","line":10,"loc":{"start":{"line":10,"column":0},"end":{"line":18,"column":1}},"locations":[{"start":{"line":10,"column":0},"end":{"line":18,"column":1}}]},"1":{"type":"branch","line":12,"loc":{"start":{"line":12,"column":10},"end":{"line":12,"column":33}},"locations":[{"start":{"line":12,"column":10},"end":{"line":12,"column":33}}]},"2":{"type":"branch","line":12,"loc":{"start":{"line":12,"column":34},"end":{"line":14,"column":5}},"locations":[{"start":{"line":12,"column":34},"end":{"line":14,"column":5}}]},"3":{"type":"branch","line":15,"loc":{"start":{"line":15,"column":-1},"end":{"line":17,"column":5}},"locations":[{"start":{"line":15,"column":-1},"end":{"line":17,"column":5}}]},"4":{"type":"branch","line":22,"loc":{"start":{"line":22,"column":13},"end":{"line":24,"column":2}},"locations":[{"start":{"line":22,"column":13},"end":{"line":24,"column":2}}]}},"b":{"0":[3],"1":[2],"2":[1],"3":[2],"4":[1]},"fnMap":{"0":{"name":"authenticateAPIKey","decl":{"start":{"line":10,"column":0},"end":{"line":18,"column":1}},"loc":{"start":{"line":10,"column":0},"end":{"line":18,"column":1}},"line":10}},"f":{"0":3}}
,"/Users/dhruv/Desktop/Devlopment/FullStack/assignments/week-4/middlewares/02-logIncomingRequests.js": {"path":"/Users/dhruv/Desktop/Devlopment/FullStack/assignments/week-4/middlewares/02-logIncomingRequests.js","all":false,"statementMap":{"0":{"start":{"line":1,"column":0},"end":{"line":1,"column":71}},"1":{"start":{"line":2,"column":0},"end":{"line":2,"column":0}},"2":{"start":{"line":3,"column":0},"end":{"line":3,"column":35}},"3":{"start":{"line":4,"column":0},"end":{"line":4,"column":22}},"4":{"start":{"line":5,"column":0},"end":{"line":5,"column":0}},"5":{"start":{"line":6,"column":0},"end":{"line":6,"column":38}},"6":{"start":{"line":7,"column":0},"end":{"line":7,"column":73}},"7":{"start":{"line":8,"column":0},"end":{"line":8,"column":21}},"8":{"start":{"line":9,"column":0},"end":{"line":9,"column":11}},"9":{"start":{"line":10,"column":0},"end":{"line":10,"column":1}},"10":{"start":{"line":11,"column":0},"end":{"line":11,"column":0}},"11":{"start":{"line":12,"column":0},"end":{"line":12,"column":21}},"12":{"start":{"line":13,"column":0},"end":{"line":13,"column":0}},"13":{"start":{"line":14,"column":0},"end":{"line":14,"column":28}},"14":{"start":{"line":15,"column":0},"end":{"line":15,"column":55}},"15":{"start":{"line":16,"column":0},"end":{"line":16,"column":3}},"16":{"start":{"line":17,"column":0},"end":{"line":17,"column":0}},"17":{"start":{"line":18,"column":0},"end":{"line":18,"column":21}}},"s":{"0":1,"1":1,"2":1,"3":1,"4":1,"5":2,"6":2,"7":2,"8":2,"9":2,"10":1,"11":1,"12":1,"13":1,"14":1,"15":1,"16":1,"17":1},"branchMap":{"0":{"type":"branch","line":6,"loc":{"start":{"line":6,"column":0},"end":{"line":10,"column":1}},"locations":[{"start":{"line":6,"column":0},"end":{"line":10,"column":1}}]},"1":{"type":"branch","line":14,"loc":{"start":{"line":14,"column":13},"end":{"line":16,"column":2}},"locations":[{"start":{"line":14,"column":13},"end":{"line":16,"column":2}}]}},"b":{"0":[2],"1":[1]},"fnMap":{"0":{"name":"logRequests","decl":{"start":{"line":6,"column":0},"end":{"line":10,"column":1}},"loc":{"start":{"line":6,"column":0},"end":{"line":10,"column":1}},"line":6}},"f":{"0":2}}
}
