TN:
SF:01-ratelimitter.js
FN:7,rateLimiter
FNF:1
FNH:1
FNDA:13,rateLimiter
DA:1,1
DA:2,1
DA:3,1
DA:4,1
DA:5,1
DA:6,1
DA:7,13
DA:8,13
DA:9,13
DA:10,11
DA:11,11
DA:12,7
DA:13,7
DA:14,4
DA:15,4
DA:16,4
DA:17,11
DA:18,2
DA:19,2
DA:20,2
DA:21,2
DA:22,13
DA:23,1
DA:24,1
DA:25,1
DA:26,1
DA:27,1
DA:28,1
DA:29,1
DA:30,1
DA:31,1
DA:32,1
DA:33,1
DA:34,1
DA:35,1
DA:36,2
DA:37,1
DA:38,1
DA:39,1
DA:40,6
DA:41,1
DA:42,1
DA:43,1
DA:44,0
DA:45,1
DA:46,1
DA:47,1
LF:47
LH:46
BRDA:7,0,0,13
BRDA:9,1,0,11
BRDA:11,2,0,7
BRDA:14,3,0,4
BRDA:18,4,0,2
BRDA:35,5,0,2
BRDA:39,6,0,6
BRF:7
BRH:7
end_of_record
TN:
SF:01-requestcount.js
FN:8,requestCounter
FNF:1
FNH:1
FNDA:12,requestCounter
DA:1,1
DA:2,1
DA:3,1
DA:4,1
DA:5,1
DA:6,1
DA:7,1
DA:8,12
DA:9,12
DA:10,12
DA:11,12
DA:12,1
DA:13,1
DA:14,1
DA:15,1
DA:16,1
DA:17,1
DA:18,1
DA:19,1
DA:20,1
DA:21,10
DA:22,1
DA:23,1
DA:24,1
DA:25,0
DA:26,1
DA:27,1
DA:28,1
DA:29,2
DA:30,1
DA:31,1
DA:32,1
LF:32
LH:31
BRDA:8,0,0,12
BRDA:20,1,0,10
BRDA:28,2,0,2
BRF:3
BRH:3
end_of_record
TN:
SF:02-authmiddleware.js
FN:10,authenticateAPIKey
FNF:1
FNH:1
FNDA:3,authenticateAPIKey
DA:1,1
DA:2,1
DA:3,1
DA:4,1
DA:5,1
DA:6,1
DA:7,1
DA:8,1
DA:9,1
DA:10,3
DA:11,3
DA:12,3
DA:13,1
DA:14,1
DA:15,2
DA:16,2
DA:17,2
DA:18,3
DA:19,1
DA:20,1
DA:21,1
DA:22,1
DA:23,1
DA:24,1
DA:25,1
DA:26,1
LF:26
LH:26
BRDA:10,0,0,3
BRDA:12,1,0,2
BRDA:12,2,0,1
BRDA:15,3,0,2
BRDA:22,4,0,1
BRF:5
BRH:5
end_of_record
TN:
SF:02-logIncomingRequests.js
FN:6,logRequests
FNF:1
FNH:1
FNDA:2,logRequests
DA:1,1
DA:2,1
DA:3,1
DA:4,1
DA:5,1
DA:6,2
DA:7,2
DA:8,2
DA:9,2
DA:10,2
DA:11,1
DA:12,1
DA:13,1
DA:14,1
DA:15,1
DA:16,1
DA:17,1
DA:18,1
LF:18
LH:18
BRDA:6,0,0,2
BRDA:14,1,0,1
BRF:2
BRH:2
end_of_record
